<?xml version="1.0" encoding="UTF-8"?>
<!-- Generated by org.testng.reporters.JUnitReportReporter -->
<testsuite hostname="test-PC" name="myPackege.SmokeTest" tests="1" failures="0" timestamp="6 Jun 2016 12:00:39 GMT" time="131.033" errors="0">
  <testcase name="loginTest" time="131.033" classname="myPackege.SmokeTest"/>
</testsuite> <!-- myPackege.SmokeTest -->
